<?xml version="1.0" encoding="UTF-8"?>
<coverage generated="1641147969282" clover="3.2.0">
  <project timestamp="1641147969282" name="All files">
    <metrics statements="142" coveredstatements="126" conditionals="154" coveredconditionals="98" methods="45" coveredmethods="38" elements="341" coveredelements="262" complexity="0" loc="142" ncloc="142" packages="1" files="7" classes="7"/>
    <file name="injectDecoratoryFactory.ts" path="/Users/dhardy/Projects/npm/sentry/sentry-mod/nestjs-sentry/lib/injectDecoratoryFactory.ts">
      <metrics statements="5" coveredstatements="5" conditionals="0" coveredconditionals="0" methods="2" coveredmethods="2"/>
      <line num="2" count="1" type="stmt"/>
      <line num="3" count="1" type="stmt"/>
      <line num="4" count="1" type="stmt"/>
      <line num="13" count="2" type="stmt"/>
      <line num="14" count="1" type="stmt"/>
    </file>
    <file name="sentry-core.module.ts" path="/Users/dhardy/Projects/npm/sentry/sentry-mod/nestjs-sentry/lib/sentry-core.module.ts">
      <metrics statements="35" coveredstatements="33" conditionals="43" coveredconditionals="28" methods="15" coveredmethods="14"/>
      <line num="2" count="3" type="cond" truecount="3" falsecount="0"/>
      <line num="3" count="3" type="cond" truecount="1" falsecount="3"/>
      <line num="4" count="3" type="cond" truecount="3" falsecount="1"/>
      <line num="5" count="0" type="cond" truecount="0" falsecount="8"/>
      <line num="6" count="3" type="cond" truecount="1" falsecount="2"/>
      <line num="8" count="3" type="cond" truecount="3" falsecount="0"/>
      <line num="9" count="3" type="cond" truecount="1" falsecount="1"/>
      <line num="10" count="3" type="cond" truecount="2" falsecount="0"/>
      <line num="11" count="3" type="stmt"/>
      <line num="12" count="0" type="stmt"/>
      <line num="13" count="6" type="cond" truecount="2" falsecount="0"/>
      <line num="14" count="3" type="cond" truecount="2" falsecount="0"/>
      <line num="18" count="3" type="stmt"/>
      <line num="19" count="3" type="stmt"/>
      <line num="20" count="3" type="stmt"/>
      <line num="21" count="3" type="stmt"/>
      <line num="22" count="3" type="stmt"/>
      <line num="23" count="3" type="stmt"/>
      <line num="24" count="3" type="stmt"/>
      <line num="26" count="15" type="stmt"/>
      <line num="27" count="15" type="stmt"/>
      <line num="34" count="4" type="stmt"/>
      <line num="37" count="4" type="stmt"/>
      <line num="39" count="4" type="stmt"/>
      <line num="51" count="4" type="cond" truecount="4" falsecount="0"/>
      <line num="52" count="2" type="stmt"/>
      <line num="54" count="2" type="stmt"/>
      <line num="55" count="2" type="stmt"/>
      <line num="64" count="4" type="cond" truecount="2" falsecount="0"/>
      <line num="65" count="1" type="stmt"/>
      <line num="71" count="3" type="stmt"/>
      <line num="74" count="3" type="stmt"/>
      <line num="76" count="3" type="stmt"/>
      <line num="81" count="3" type="stmt"/>
      <line num="85" count="3" type="stmt"/>
    </file>
    <file name="sentry.constants.ts" path="/Users/dhardy/Projects/npm/sentry/sentry-mod/nestjs-sentry/lib/sentry.constants.ts">
      <metrics statements="4" coveredstatements="4" conditionals="0" coveredconditionals="0" methods="0" coveredmethods="0"/>
      <line num="2" count="3" type="stmt"/>
      <line num="3" count="3" type="stmt"/>
      <line num="4" count="3" type="stmt"/>
      <line num="5" count="3" type="stmt"/>
    </file>
    <file name="sentry.decorator.ts" path="/Users/dhardy/Projects/npm/sentry/sentry-mod/nestjs-sentry/lib/sentry.decorator.ts">
      <metrics statements="6" coveredstatements="6" conditionals="0" coveredconditionals="0" methods="0" coveredmethods="0"/>
      <line num="2" count="1" type="stmt"/>
      <line num="3" count="1" type="stmt"/>
      <line num="4" count="1" type="stmt"/>
      <line num="5" count="1" type="stmt"/>
      <line num="6" count="1" type="stmt"/>
      <line num="10" count="1" type="stmt"/>
    </file>
    <file name="sentry.module.ts" path="/Users/dhardy/Projects/npm/sentry/sentry-mod/nestjs-sentry/lib/sentry.module.ts">
      <metrics statements="14" coveredstatements="13" conditionals="22" coveredconditionals="8" methods="3" coveredmethods="3"/>
      <line num="2" count="3" type="cond" truecount="3" falsecount="0"/>
      <line num="3" count="3" type="cond" truecount="1" falsecount="3"/>
      <line num="4" count="3" type="cond" truecount="3" falsecount="1"/>
      <line num="5" count="0" type="cond" truecount="0" falsecount="8"/>
      <line num="6" count="3" type="cond" truecount="1" falsecount="2"/>
      <line num="9" count="3" type="stmt"/>
      <line num="10" count="3" type="stmt"/>
      <line num="11" count="3" type="stmt"/>
      <line num="12" count="3" type="stmt"/>
      <line num="13" count="3" type="stmt"/>
      <line num="15" count="15" type="stmt"/>
      <line num="21" count="4" type="stmt"/>
      <line num="27" count="3" type="stmt"/>
      <line num="30" count="3" type="stmt"/>
    </file>
    <file name="sentry.providers.ts" path="/Users/dhardy/Projects/npm/sentry/sentry-mod/nestjs-sentry/lib/sentry.providers.ts">
      <metrics statements="6" coveredstatements="6" conditionals="0" coveredconditionals="0" methods="1" coveredmethods="1"/>
      <line num="2" count="3" type="stmt"/>
      <line num="3" count="3" type="stmt"/>
      <line num="4" count="3" type="stmt"/>
      <line num="5" count="3" type="stmt"/>
      <line num="7" count="15" type="stmt"/>
      <line num="12" count="3" type="stmt"/>
    </file>
    <file name="sentry.service.ts" path="/Users/dhardy/Projects/npm/sentry/sentry-mod/nestjs-sentry/lib/sentry.service.ts">
      <metrics statements="72" coveredstatements="59" conditionals="89" coveredconditionals="62" methods="24" coveredmethods="18"/>
      <line num="2" count="3" type="cond" truecount="3" falsecount="0"/>
      <line num="3" count="3" type="cond" truecount="1" falsecount="3"/>
      <line num="4" count="3" type="cond" truecount="3" falsecount="1"/>
      <line num="5" count="0" type="cond" truecount="0" falsecount="8"/>
      <line num="6" count="3" type="cond" truecount="1" falsecount="2"/>
      <line num="8" count="3" type="cond" truecount="3" falsecount="0"/>
      <line num="9" count="3" type="cond" truecount="3" falsecount="1"/>
      <line num="11" count="3" type="cond" truecount="3" falsecount="0"/>
      <line num="12" count="3" type="stmt"/>
      <line num="14" count="3" type="cond" truecount="3" falsecount="0"/>
      <line num="15" count="1" type="cond" truecount="1" falsecount="1"/>
      <line num="16" count="4" type="cond" truecount="2" falsecount="0"/>
      <line num="17" count="1" type="stmt"/>
      <line num="18" count="0" type="stmt"/>
      <line num="19" count="5" type="cond" truecount="2" falsecount="0"/>
      <line num="20" count="4" type="cond" truecount="2" falsecount="0"/>
      <line num="23" count="3" type="cond" truecount="3" falsecount="0"/>
      <line num="24" count="23" type="stmt"/>
      <line num="25" count="93" type="cond" truecount="4" falsecount="0"/>
      <line num="26" count="70" type="stmt"/>
      <line num="27" count="23" type="cond" truecount="3" falsecount="1"/>
      <line num="28" count="23" type="stmt"/>
      <line num="29" count="0" type="cond" truecount="0" falsecount="4"/>
      <line num="30" count="0" type="stmt"/>
      <line num="32" count="23" type="stmt"/>
      <line num="35" count="3" type="stmt"/>
      <line num="36" count="3" type="stmt"/>
      <line num="37" count="3" type="stmt"/>
      <line num="38" count="3" type="stmt"/>
      <line num="39" count="3" type="stmt"/>
      <line num="40" count="3" type="stmt"/>
      <line num="42" count="38" type="stmt"/>
      <line num="43" count="38" type="stmt"/>
      <line num="44" count="38" type="stmt"/>
      <line num="45" count="38" type="cond" truecount="4" falsecount="0"/>
      <line num="47" count="15" type="stmt"/>
      <line num="49" count="23" type="cond" truecount="1" falsecount="0"/>
      <line num="50" count="23" type="stmt"/>
      <line num="52" count="0" type="stmt"/>
      <line num="55" count="0" type="cond" truecount="0" falsecount="2"/>
      <line num="56" count="0" type="stmt"/>
      <line num="59" count="0" type="stmt"/>
      <line num="60" count="0" type="stmt"/>
      <line num="69" count="0" type="cond" truecount="0" falsecount="2"/>
      <line num="70" count="0" type="stmt"/>
      <line num="72" count="0" type="stmt"/>
      <line num="75" count="4" type="stmt"/>
      <line num="76" count="4" type="stmt"/>
      <line num="77" count="4" type="stmt"/>
      <line num="78" count="4" type="cond" truecount="2" falsecount="0"/>
      <line num="91" count="2" type="stmt"/>
      <line num="92" count="2" type="stmt"/>
      <line num="93" count="2" type="stmt"/>
      <line num="94" count="2" type="stmt"/>
      <line num="99" count="2" type="stmt"/>
      <line num="100" count="2" type="stmt"/>
      <line num="101" count="2" type="stmt"/>
      <line num="102" count="2" type="cond" truecount="1" falsecount="1"/>
      <line num="115" count="3" type="stmt"/>
      <line num="116" count="3" type="stmt"/>
      <line num="117" count="3" type="stmt"/>
      <line num="118" count="3" type="cond" truecount="2" falsecount="0"/>
      <line num="131" count="4" type="stmt"/>
      <line num="132" count="4" type="stmt"/>
      <line num="133" count="4" type="stmt"/>
      <line num="134" count="4" type="cond" truecount="2" falsecount="0"/>
      <line num="147" count="0" type="stmt"/>
      <line num="151" count="4" type="stmt"/>
      <line num="152" count="4" type="cond" truecount="10" falsecount="0"/>
      <line num="153" count="1" type="cond" truecount="3" falsecount="1"/>
      <line num="158" count="3" type="stmt"/>
      <line num="163" count="3" type="stmt"/>
    </file>
  </project>
</coverage>
