{"/Users/dhardy/Projects/npm/2021/3.x.x/nestjs-sentry/lib/injectDecoratoryFactory.ts": {"path":"/Users/dhardy/Projects/npm/2021/3.x.x/nestjs-sentry/lib/injectDecoratoryFactory.ts","statementMap":{"0":{"start":{"line":2,"column":0},"end":{"line":2,"column":62}},"1":{"start":{"line":3,"column":17},"end":{"line":3,"column":42}},"2":{"start":{"line":12,"column":0},"end":{"line":12,"column":74}},"3":{"start":{"line":12,"column":45},"end":{"line":12,"column":73}},"4":{"start":{"line":12,"column":51},"end":{"line":12,"column":73}}},"fnMap":{"0":{"name":"(anonymous_0)","decl":{"start":{"line":12,"column":34},"end":{"line":12,"column":35}},"loc":{"start":{"line":12,"column":45},"end":{"line":12,"column":73}},"line":12},"1":{"name":"(anonymous_1)","decl":{"start":{"line":12,"column":45},"end":{"line":12,"column":46}},"loc":{"start":{"line":12,"column":51},"end":{"line":12,"column":73}},"line":12}},"branchMap":{},"s":{"0":1,"1":1,"2":1,"3":2,"4":1},"f":{"0":2,"1":1},"b":{},"inputSourceMap":null,"_coverageSchema":"1a1c01bbd47fc00a2c39e90264f33305004495a9","hash":"6ec02f9b65b509238d85c55b989c255634438e80"}
,"/Users/dhardy/Projects/npm/2021/3.x.x/nestjs-sentry/lib/sentry-core.module.ts": {"path":"/Users/dhardy/Projects/npm/2021/3.x.x/nestjs-sentry/lib/sentry-core.module.ts","statementMap":{"0":{"start":{"line":2,"column":17},"end":{"line":7,"column":1}},"1":{"start":{"line":3,"column":12},"end":{"line":3,"column":28}},"2":{"start":{"line":3,"column":34},"end":{"line":3,"column":125}},"3":{"start":{"line":4,"column":4},"end":{"line":5,"column":150}},"4":{"start":{"line":4,"column":79},"end":{"line":4,"column":131}},"5":{"start":{"line":5,"column":9},"end":{"line":5,"column":150}},"6":{"start":{"line":5,"column":22},"end":{"line":5,"column":43}},"7":{"start":{"line":5,"column":58},"end":{"line":5,"column":150}},"8":{"start":{"line":5,"column":81},"end":{"line":5,"column":150}},"9":{"start":{"line":6,"column":4},"end":{"line":6,"column":66}},"10":{"start":{"line":8,"column":16},"end":{"line":16,"column":1}},"11":{"start":{"line":9,"column":28},"end":{"line":9,"column":110}},"12":{"start":{"line":9,"column":91},"end":{"line":9,"column":106}},"13":{"start":{"line":10,"column":4},"end":{"line":15,"column":7}},"14":{"start":{"line":11,"column":36},"end":{"line":11,"column":97}},"15":{"start":{"line":11,"column":42},"end":{"line":11,"column":70}},"16":{"start":{"line":11,"column":85},"end":{"line":11,"column":95}},"17":{"start":{"line":12,"column":35},"end":{"line":12,"column":100}},"18":{"start":{"line":12,"column":41},"end":{"line":12,"column":73}},"19":{"start":{"line":12,"column":88},"end":{"line":12,"column":98}},"20":{"start":{"line":13,"column":32},"end":{"line":13,"column":116}},"21":{"start":{"line":14,"column":8},"end":{"line":14,"column":78}},"22":{"start":{"line":18,"column":0},"end":{"line":18,"column":62}},"23":{"start":{"line":19,"column":17},"end":{"line":19,"column":42}},"24":{"start":{"line":20,"column":27},"end":{"line":20,"column":56}},"25":{"start":{"line":21,"column":25},"end":{"line":21,"column":52}},"26":{"start":{"line":22,"column":27},"end":{"line":22,"column":56}},"27":{"start":{"line":23,"column":23},"end":{"line":79,"column":1}},"28":{"start":{"line":25,"column":25},"end":{"line":25,"column":74}},"29":{"start":{"line":26,"column":8},"end":{"line":30,"column":10}},"30":{"start":{"line":33,"column":25},"end":{"line":37,"column":9}},"31":{"start":{"line":36,"column":37},"end":{"line":36,"column":80}},"32":{"start":{"line":38,"column":8},"end":{"line":47,"column":10}},"33":{"start":{"line":50,"column":8},"end":{"line":52,"column":9}},"34":{"start":{"line":51,"column":12},"end":{"line":51,"column":62}},"35":{"start":{"line":53,"column":25},"end":{"line":53,"column":41}},"36":{"start":{"line":54,"column":8},"end":{"line":60,"column":10}},"37":{"start":{"line":63,"column":8},"end":{"line":69,"column":9}},"38":{"start":{"line":64,"column":12},"end":{"line":68,"column":14}},"39":{"start":{"line":70,"column":23},"end":{"line":72,"column":9}},"40":{"start":{"line":73,"column":8},"end":{"line":77,"column":10}},"41":{"start":{"line":75,"column":44},"end":{"line":75,"column":150}},"42":{"start":{"line":75,"column":91},"end":{"line":75,"column":147}},"43":{"start":{"line":80,"column":0},"end":{"line":83,"column":21}},"44":{"start":{"line":84,"column":0},"end":{"line":84,"column":44}}},"fnMap":{"0":{"name":"(anonymous_0)","decl":{"start":{"line":2,"column":46},"end":{"line":2,"column":47}},"loc":{"start":{"line":2,"column":87},"end":{"line":7,"column":1}},"line":2},"1":{"name":"(anonymous_1)","decl":{"start":{"line":8,"column":44},"end":{"line":8,"column":45}},"loc":{"start":{"line":8,"column":89},"end":{"line":16,"column":1}},"line":8},"2":{"name":"adopt","decl":{"start":{"line":9,"column":13},"end":{"line":9,"column":18}},"loc":{"start":{"line":9,"column":26},"end":{"line":9,"column":112}},"line":9},"3":{"name":"(anonymous_3)","decl":{"start":{"line":9,"column":70},"end":{"line":9,"column":71}},"loc":{"start":{"line":9,"column":89},"end":{"line":9,"column":108}},"line":9},"4":{"name":"(anonymous_4)","decl":{"start":{"line":10,"column":36},"end":{"line":10,"column":37}},"loc":{"start":{"line":10,"column":63},"end":{"line":15,"column":5}},"line":10},"5":{"name":"fulfilled","decl":{"start":{"line":11,"column":17},"end":{"line":11,"column":26}},"loc":{"start":{"line":11,"column":34},"end":{"line":11,"column":99}},"line":11},"6":{"name":"rejected","decl":{"start":{"line":12,"column":17},"end":{"line":12,"column":25}},"loc":{"start":{"line":12,"column":33},"end":{"line":12,"column":102}},"line":12},"7":{"name":"step","decl":{"start":{"line":13,"column":17},"end":{"line":13,"column":21}},"loc":{"start":{"line":13,"column":30},"end":{"line":13,"column":118}},"line":13},"8":{"name":"(anonymous_8)","decl":{"start":{"line":24,"column":4},"end":{"line":24,"column":5}},"loc":{"start":{"line":24,"column":28},"end":{"line":31,"column":5}},"line":24},"9":{"name":"(anonymous_9)","decl":{"start":{"line":32,"column":4},"end":{"line":32,"column":5}},"loc":{"start":{"line":32,"column":33},"end":{"line":48,"column":5}},"line":32},"10":{"name":"(anonymous_10)","decl":{"start":{"line":36,"column":24},"end":{"line":36,"column":25}},"loc":{"start":{"line":36,"column":37},"end":{"line":36,"column":80}},"line":36},"11":{"name":"(anonymous_11)","decl":{"start":{"line":49,"column":4},"end":{"line":49,"column":5}},"loc":{"start":{"line":49,"column":41},"end":{"line":61,"column":5}},"line":49},"12":{"name":"(anonymous_12)","decl":{"start":{"line":62,"column":4},"end":{"line":62,"column":5}},"loc":{"start":{"line":62,"column":47},"end":{"line":78,"column":5}},"line":62},"13":{"name":"(anonymous_13)","decl":{"start":{"line":75,"column":24},"end":{"line":75,"column":25}},"loc":{"start":{"line":75,"column":44},"end":{"line":75,"column":150}},"line":75},"14":{"name":"(anonymous_14)","decl":{"start":{"line":75,"column":76},"end":{"line":75,"column":77}},"loc":{"start":{"line":75,"column":89},"end":{"line":75,"column":149}},"line":75}},"branchMap":{"0":{"loc":{"start":{"line":2,"column":17},"end":{"line":7,"column":1}},"type":"binary-expr","locations":[{"start":{"line":2,"column":18},"end":{"line":2,"column":22}},{"start":{"line":2,"column":26},"end":{"line":2,"column":41}},{"start":{"line":2,"column":46},"end":{"line":7,"column":1}}],"line":2},"1":{"loc":{"start":{"line":3,"column":34},"end":{"line":3,"column":125}},"type":"cond-expr","locations":[{"start":{"line":3,"column":42},"end":{"line":3,"column":48}},{"start":{"line":3,"column":51},"end":{"line":3,"column":125}}],"line":3},"2":{"loc":{"start":{"line":3,"column":51},"end":{"line":3,"column":125}},"type":"cond-expr","locations":[{"start":{"line":3,"column":67},"end":{"line":3,"column":118}},{"start":{"line":3,"column":121},"end":{"line":3,"column":125}}],"line":3},"3":{"loc":{"start":{"line":4,"column":4},"end":{"line":5,"column":150}},"type":"if","locations":[{"start":{"line":4,"column":4},"end":{"line":5,"column":150}},{"start":{"line":4,"column":4},"end":{"line":5,"column":150}}],"line":4},"4":{"loc":{"start":{"line":4,"column":8},"end":{"line":4,"column":77}},"type":"binary-expr","locations":[{"start":{"line":4,"column":8},"end":{"line":4,"column":35}},{"start":{"line":4,"column":39},"end":{"line":4,"column":77}}],"line":4},"5":{"loc":{"start":{"line":5,"column":58},"end":{"line":5,"column":150}},"type":"if","locations":[{"start":{"line":5,"column":58},"end":{"line":5,"column":150}},{"start":{"line":5,"column":58},"end":{"line":5,"column":150}}],"line":5},"6":{"loc":{"start":{"line":5,"column":85},"end":{"line":5,"column":149}},"type":"binary-expr","locations":[{"start":{"line":5,"column":86},"end":{"line":5,"column":143}},{"start":{"line":5,"column":148},"end":{"line":5,"column":149}}],"line":5},"7":{"loc":{"start":{"line":5,"column":86},"end":{"line":5,"column":143}},"type":"cond-expr","locations":[{"start":{"line":5,"column":94},"end":{"line":5,"column":98}},{"start":{"line":5,"column":101},"end":{"line":5,"column":143}}],"line":5},"8":{"loc":{"start":{"line":5,"column":101},"end":{"line":5,"column":143}},"type":"cond-expr","locations":[{"start":{"line":5,"column":109},"end":{"line":5,"column":126}},{"start":{"line":5,"column":129},"end":{"line":5,"column":143}}],"line":5},"9":{"loc":{"start":{"line":6,"column":11},"end":{"line":6,"column":62}},"type":"binary-expr","locations":[{"start":{"line":6,"column":11},"end":{"line":6,"column":16}},{"start":{"line":6,"column":20},"end":{"line":6,"column":21}},{"start":{"line":6,"column":25},"end":{"line":6,"column":62}}],"line":6},"10":{"loc":{"start":{"line":8,"column":16},"end":{"line":16,"column":1}},"type":"binary-expr","locations":[{"start":{"line":8,"column":17},"end":{"line":8,"column":21}},{"start":{"line":8,"column":25},"end":{"line":8,"column":39}},{"start":{"line":8,"column":44},"end":{"line":16,"column":1}}],"line":8},"11":{"loc":{"start":{"line":9,"column":35},"end":{"line":9,"column":109}},"type":"cond-expr","locations":[{"start":{"line":9,"column":56},"end":{"line":9,"column":61}},{"start":{"line":9,"column":64},"end":{"line":9,"column":109}}],"line":9},"12":{"loc":{"start":{"line":10,"column":16},"end":{"line":10,"column":34}},"type":"binary-expr","locations":[{"start":{"line":10,"column":16},"end":{"line":10,"column":17}},{"start":{"line":10,"column":22},"end":{"line":10,"column":33}}],"line":10},"13":{"loc":{"start":{"line":13,"column":32},"end":{"line":13,"column":115}},"type":"cond-expr","locations":[{"start":{"line":13,"column":46},"end":{"line":13,"column":67}},{"start":{"line":13,"column":70},"end":{"line":13,"column":115}}],"line":13},"14":{"loc":{"start":{"line":14,"column":51},"end":{"line":14,"column":67}},"type":"binary-expr","locations":[{"start":{"line":14,"column":51},"end":{"line":14,"column":61}},{"start":{"line":14,"column":65},"end":{"line":14,"column":67}}],"line":14},"15":{"loc":{"start":{"line":50,"column":8},"end":{"line":52,"column":9}},"type":"if","locations":[{"start":{"line":50,"column":8},"end":{"line":52,"column":9}},{"start":{"line":50,"column":8},"end":{"line":52,"column":9}}],"line":50},"16":{"loc":{"start":{"line":50,"column":12},"end":{"line":50,"column":53}},"type":"binary-expr","locations":[{"start":{"line":50,"column":12},"end":{"line":50,"column":31}},{"start":{"line":50,"column":35},"end":{"line":50,"column":53}}],"line":50},"17":{"loc":{"start":{"line":63,"column":8},"end":{"line":69,"column":9}},"type":"if","locations":[{"start":{"line":63,"column":8},"end":{"line":69,"column":9}},{"start":{"line":63,"column":8},"end":{"line":69,"column":9}}],"line":63},"18":{"loc":{"start":{"line":65,"column":24},"end":{"line":65,"column":44}},"type":"binary-expr","locations":[{"start":{"line":65,"column":24},"end":{"line":65,"column":38}},{"start":{"line":65,"column":42},"end":{"line":65,"column":44}}],"line":65},"19":{"loc":{"start":{"line":71,"column":13},"end":{"line":71,"column":52}},"type":"binary-expr","locations":[{"start":{"line":71,"column":13},"end":{"line":71,"column":29}},{"start":{"line":71,"column":33},"end":{"line":71,"column":52}}],"line":71}},"s":{"0":3,"1":3,"2":3,"3":3,"4":3,"5":0,"6":0,"7":0,"8":0,"9":3,"10":3,"11":7,"12":7,"13":7,"14":7,"15":7,"16":0,"17":0,"18":0,"19":0,"20":14,"21":7,"22":3,"23":3,"24":3,"25":3,"26":3,"27":3,"28":4,"29":4,"30":8,"31":8,"32":8,"33":8,"34":1,"35":7,"36":7,"37":8,"38":1,"39":7,"40":7,"41":7,"42":7,"43":3,"44":3},"f":{"0":3,"1":7,"2":7,"3":7,"4":7,"5":7,"6":0,"7":14,"8":4,"9":8,"10":8,"11":8,"12":8,"13":7,"14":7},"b":{"0":[3,3,3],"1":[3,0],"2":[0,0],"3":[3,0],"4":[3,3],"5":[0,0],"6":[0,0],"7":[0,0],"8":[0,0],"9":[3,0,0],"10":[3,3,3],"11":[0,7],"12":[7,7],"13":[7,7],"14":[7,7],"15":[1,7],"16":[8,8],"17":[1,7],"18":[1,1],"19":[7,0]},"inputSourceMap":null,"_coverageSchema":"1a1c01bbd47fc00a2c39e90264f33305004495a9","hash":"b4b4b87604952f848366ea1d816b57e7a270544a"}
,"/Users/dhardy/Projects/npm/2021/3.x.x/nestjs-sentry/lib/sentry.constants.ts": {"path":"/Users/dhardy/Projects/npm/2021/3.x.x/nestjs-sentry/lib/sentry.constants.ts","statementMap":{"0":{"start":{"line":2,"column":0},"end":{"line":2,"column":62}},"1":{"start":{"line":3,"column":0},"end":{"line":3,"column":62}},"2":{"start":{"line":4,"column":0},"end":{"line":4,"column":45}}},"fnMap":{},"branchMap":{},"s":{"0":3,"1":3,"2":3},"f":{},"b":{},"inputSourceMap":null,"_coverageSchema":"1a1c01bbd47fc00a2c39e90264f33305004495a9","hash":"31d3ae350102b1ced8970171266b89657f9009be"}
,"/Users/dhardy/Projects/npm/2021/3.x.x/nestjs-sentry/lib/sentry.decorator.ts": {"path":"/Users/dhardy/Projects/npm/2021/3.x.x/nestjs-sentry/lib/sentry.decorator.ts","statementMap":{"0":{"start":{"line":2,"column":0},"end":{"line":2,"column":62}},"1":{"start":{"line":3,"column":34},"end":{"line":3,"column":70}},"2":{"start":{"line":4,"column":27},"end":{"line":4,"column":56}},"3":{"start":{"line":5,"column":0},"end":{"line":5,"column":106}},"4":{"start":{"line":9,"column":0},"end":{"line":9,"column":127}}},"fnMap":{},"branchMap":{},"s":{"0":1,"1":1,"2":1,"3":1,"4":1},"f":{},"b":{},"inputSourceMap":null,"_coverageSchema":"1a1c01bbd47fc00a2c39e90264f33305004495a9","hash":"1b75e53ff84a0a3a675e107885ce0705ba966f6d"}
,"/Users/dhardy/Projects/npm/2021/3.x.x/nestjs-sentry/lib/sentry.module.ts": {"path":"/Users/dhardy/Projects/npm/2021/3.x.x/nestjs-sentry/lib/sentry.module.ts","statementMap":{"0":{"start":{"line":2,"column":17},"end":{"line":7,"column":1}},"1":{"start":{"line":3,"column":12},"end":{"line":3,"column":28}},"2":{"start":{"line":3,"column":34},"end":{"line":3,"column":125}},"3":{"start":{"line":4,"column":4},"end":{"line":5,"column":150}},"4":{"start":{"line":4,"column":79},"end":{"line":4,"column":131}},"5":{"start":{"line":5,"column":9},"end":{"line":5,"column":150}},"6":{"start":{"line":5,"column":22},"end":{"line":5,"column":43}},"7":{"start":{"line":5,"column":58},"end":{"line":5,"column":150}},"8":{"start":{"line":5,"column":81},"end":{"line":5,"column":150}},"9":{"start":{"line":6,"column":4},"end":{"line":6,"column":66}},"10":{"start":{"line":9,"column":0},"end":{"line":9,"column":62}},"11":{"start":{"line":10,"column":17},"end":{"line":10,"column":42}},"12":{"start":{"line":11,"column":29},"end":{"line":11,"column":60}},"13":{"start":{"line":12,"column":19},"end":{"line":25,"column":1}},"14":{"start":{"line":14,"column":8},"end":{"line":17,"column":10}},"15":{"start":{"line":20,"column":8},"end":{"line":23,"column":10}},"16":{"start":{"line":26,"column":0},"end":{"line":28,"column":17}},"17":{"start":{"line":29,"column":0},"end":{"line":29,"column":36}}},"fnMap":{"0":{"name":"(anonymous_0)","decl":{"start":{"line":2,"column":46},"end":{"line":2,"column":47}},"loc":{"start":{"line":2,"column":87},"end":{"line":7,"column":1}},"line":2},"1":{"name":"(anonymous_1)","decl":{"start":{"line":13,"column":4},"end":{"line":13,"column":5}},"loc":{"start":{"line":13,"column":28},"end":{"line":18,"column":5}},"line":13},"2":{"name":"(anonymous_2)","decl":{"start":{"line":19,"column":4},"end":{"line":19,"column":5}},"loc":{"start":{"line":19,"column":33},"end":{"line":24,"column":5}},"line":19}},"branchMap":{"0":{"loc":{"start":{"line":2,"column":17},"end":{"line":7,"column":1}},"type":"binary-expr","locations":[{"start":{"line":2,"column":18},"end":{"line":2,"column":22}},{"start":{"line":2,"column":26},"end":{"line":2,"column":41}},{"start":{"line":2,"column":46},"end":{"line":7,"column":1}}],"line":2},"1":{"loc":{"start":{"line":3,"column":34},"end":{"line":3,"column":125}},"type":"cond-expr","locations":[{"start":{"line":3,"column":42},"end":{"line":3,"column":48}},{"start":{"line":3,"column":51},"end":{"line":3,"column":125}}],"line":3},"2":{"loc":{"start":{"line":3,"column":51},"end":{"line":3,"column":125}},"type":"cond-expr","locations":[{"start":{"line":3,"column":67},"end":{"line":3,"column":118}},{"start":{"line":3,"column":121},"end":{"line":3,"column":125}}],"line":3},"3":{"loc":{"start":{"line":4,"column":4},"end":{"line":5,"column":150}},"type":"if","locations":[{"start":{"line":4,"column":4},"end":{"line":5,"column":150}},{"start":{"line":4,"column":4},"end":{"line":5,"column":150}}],"line":4},"4":{"loc":{"start":{"line":4,"column":8},"end":{"line":4,"column":77}},"type":"binary-expr","locations":[{"start":{"line":4,"column":8},"end":{"line":4,"column":35}},{"start":{"line":4,"column":39},"end":{"line":4,"column":77}}],"line":4},"5":{"loc":{"start":{"line":5,"column":58},"end":{"line":5,"column":150}},"type":"if","locations":[{"start":{"line":5,"column":58},"end":{"line":5,"column":150}},{"start":{"line":5,"column":58},"end":{"line":5,"column":150}}],"line":5},"6":{"loc":{"start":{"line":5,"column":85},"end":{"line":5,"column":149}},"type":"binary-expr","locations":[{"start":{"line":5,"column":86},"end":{"line":5,"column":143}},{"start":{"line":5,"column":148},"end":{"line":5,"column":149}}],"line":5},"7":{"loc":{"start":{"line":5,"column":86},"end":{"line":5,"column":143}},"type":"cond-expr","locations":[{"start":{"line":5,"column":94},"end":{"line":5,"column":98}},{"start":{"line":5,"column":101},"end":{"line":5,"column":143}}],"line":5},"8":{"loc":{"start":{"line":5,"column":101},"end":{"line":5,"column":143}},"type":"cond-expr","locations":[{"start":{"line":5,"column":109},"end":{"line":5,"column":126}},{"start":{"line":5,"column":129},"end":{"line":5,"column":143}}],"line":5},"9":{"loc":{"start":{"line":6,"column":11},"end":{"line":6,"column":62}},"type":"binary-expr","locations":[{"start":{"line":6,"column":11},"end":{"line":6,"column":16}},{"start":{"line":6,"column":20},"end":{"line":6,"column":21}},{"start":{"line":6,"column":25},"end":{"line":6,"column":62}}],"line":6}},"s":{"0":3,"1":3,"2":3,"3":3,"4":3,"5":0,"6":0,"7":0,"8":0,"9":3,"10":3,"11":3,"12":3,"13":3,"14":4,"15":8,"16":3,"17":3},"f":{"0":3,"1":4,"2":8},"b":{"0":[3,3,3],"1":[3,0],"2":[0,0],"3":[3,0],"4":[3,3],"5":[0,0],"6":[0,0],"7":[0,0],"8":[0,0],"9":[3,0,0]},"inputSourceMap":null,"_coverageSchema":"1a1c01bbd47fc00a2c39e90264f33305004495a9","hash":"802cfa82d71239acd73604732193f6523084008c"}
,"/Users/dhardy/Projects/npm/2021/3.x.x/nestjs-sentry/lib/sentry.providers.ts": {"path":"/Users/dhardy/Projects/npm/2021/3.x.x/nestjs-sentry/lib/sentry.providers.ts","statementMap":{"0":{"start":{"line":2,"column":0},"end":{"line":2,"column":62}},"1":{"start":{"line":3,"column":27},"end":{"line":3,"column":56}},"2":{"start":{"line":4,"column":25},"end":{"line":4,"column":52}},"3":{"start":{"line":6,"column":4},"end":{"line":9,"column":6}},"4":{"start":{"line":11,"column":0},"end":{"line":11,"column":54}}},"fnMap":{"0":{"name":"createSentryProviders","decl":{"start":{"line":5,"column":9},"end":{"line":5,"column":30}},"loc":{"start":{"line":5,"column":40},"end":{"line":10,"column":1}},"line":5}},"branchMap":{},"s":{"0":3,"1":3,"2":3,"3":4,"4":3},"f":{"0":4},"b":{},"inputSourceMap":null,"_coverageSchema":"1a1c01bbd47fc00a2c39e90264f33305004495a9","hash":"c4bb0a52ed996b23aa4745c2d71c3df11f08cfa1"}
,"/Users/dhardy/Projects/npm/2021/3.x.x/nestjs-sentry/lib/sentry.service.ts": {"path":"/Users/dhardy/Projects/npm/2021/3.x.x/nestjs-sentry/lib/sentry.service.ts","statementMap":{"0":{"start":{"line":2,"column":17},"end":{"line":7,"column":1}},"1":{"start":{"line":3,"column":12},"end":{"line":3,"column":28}},"2":{"start":{"line":3,"column":34},"end":{"line":3,"column":125}},"3":{"start":{"line":4,"column":4},"end":{"line":5,"column":150}},"4":{"start":{"line":4,"column":79},"end":{"line":4,"column":131}},"5":{"start":{"line":5,"column":9},"end":{"line":5,"column":150}},"6":{"start":{"line":5,"column":22},"end":{"line":5,"column":43}},"7":{"start":{"line":5,"column":58},"end":{"line":5,"column":150}},"8":{"start":{"line":5,"column":81},"end":{"line":5,"column":150}},"9":{"start":{"line":6,"column":4},"end":{"line":6,"column":66}},"10":{"start":{"line":8,"column":17},"end":{"line":10,"column":1}},"11":{"start":{"line":9,"column":4},"end":{"line":9,"column":109}},"12":{"start":{"line":9,"column":79},"end":{"line":9,"column":109}},"13":{"start":{"line":11,"column":14},"end":{"line":13,"column":1}},"14":{"start":{"line":12,"column":4},"end":{"line":12,"column":73}},"15":{"start":{"line":12,"column":36},"end":{"line":12,"column":71}},"16":{"start":{"line":14,"column":16},"end":{"line":22,"column":1}},"17":{"start":{"line":15,"column":28},"end":{"line":15,"column":110}},"18":{"start":{"line":15,"column":91},"end":{"line":15,"column":106}},"19":{"start":{"line":16,"column":4},"end":{"line":21,"column":7}},"20":{"start":{"line":17,"column":36},"end":{"line":17,"column":97}},"21":{"start":{"line":17,"column":42},"end":{"line":17,"column":70}},"22":{"start":{"line":17,"column":85},"end":{"line":17,"column":95}},"23":{"start":{"line":18,"column":35},"end":{"line":18,"column":100}},"24":{"start":{"line":18,"column":41},"end":{"line":18,"column":73}},"25":{"start":{"line":18,"column":88},"end":{"line":18,"column":98}},"26":{"start":{"line":19,"column":32},"end":{"line":19,"column":116}},"27":{"start":{"line":20,"column":8},"end":{"line":20,"column":78}},"28":{"start":{"line":23,"column":13},"end":{"line":33,"column":1}},"29":{"start":{"line":24,"column":12},"end":{"line":24,"column":14}},"30":{"start":{"line":25,"column":4},"end":{"line":26,"column":20}},"31":{"start":{"line":25,"column":21},"end":{"line":26,"column":20}},"32":{"start":{"line":26,"column":8},"end":{"line":26,"column":20}},"33":{"start":{"line":27,"column":4},"end":{"line":31,"column":9}},"34":{"start":{"line":28,"column":8},"end":{"line":31,"column":9}},"35":{"start":{"line":28,"column":21},"end":{"line":28,"column":22}},"36":{"start":{"line":28,"column":28},"end":{"line":28,"column":59}},"37":{"start":{"line":29,"column":12},"end":{"line":30,"column":34}},"38":{"start":{"line":30,"column":16},"end":{"line":30,"column":34}},"39":{"start":{"line":32,"column":4},"end":{"line":32,"column":13}},"40":{"start":{"line":35,"column":0},"end":{"line":35,"column":62}},"41":{"start":{"line":36,"column":17},"end":{"line":36,"column":42}},"42":{"start":{"line":37,"column":15},"end":{"line":37,"column":38}},"43":{"start":{"line":38,"column":27},"end":{"line":38,"column":56}},"44":{"start":{"line":39,"column":20},"end":{"line":124,"column":1}},"45":{"start":{"line":41,"column":8},"end":{"line":41,"column":16}},"46":{"start":{"line":42,"column":8},"end":{"line":42,"column":25}},"47":{"start":{"line":43,"column":8},"end":{"line":43,"column":46}},"48":{"start":{"line":44,"column":8},"end":{"line":47,"column":9}},"49":{"start":{"line":46,"column":12},"end":{"line":46,"column":19}},"50":{"start":{"line":48,"column":45},"end":{"line":48,"column":49}},"51":{"start":{"line":48,"column":67},"end":{"line":48,"column":106}},"52":{"start":{"line":49,"column":8},"end":{"line":65,"column":18}},"53":{"start":{"line":51,"column":43},"end":{"line":61,"column":22}},"54":{"start":{"line":54,"column":24},"end":{"line":60,"column":25}},"55":{"start":{"line":55,"column":28},"end":{"line":55,"column":45}},"56":{"start":{"line":58,"column":28},"end":{"line":58,"column":85}},"57":{"start":{"line":59,"column":28},"end":{"line":59,"column":44}},"58":{"start":{"line":68,"column":8},"end":{"line":70,"column":9}},"59":{"start":{"line":69,"column":12},"end":{"line":69,"column":68}},"60":{"start":{"line":71,"column":8},"end":{"line":71,"column":47}},"61":{"start":{"line":74,"column":8},"end":{"line":74,"column":43}},"62":{"start":{"line":75,"column":8},"end":{"line":79,"column":23}},"63":{"start":{"line":76,"column":12},"end":{"line":76,"column":64}},"64":{"start":{"line":77,"column":12},"end":{"line":77,"column":40}},"65":{"start":{"line":82,"column":8},"end":{"line":82,"column":43}},"66":{"start":{"line":83,"column":8},"end":{"line":87,"column":23}},"67":{"start":{"line":84,"column":12},"end":{"line":84,"column":49}},"68":{"start":{"line":85,"column":12},"end":{"line":85,"column":66}},"69":{"start":{"line":90,"column":8},"end":{"line":90,"column":43}},"70":{"start":{"line":91,"column":8},"end":{"line":95,"column":23}},"71":{"start":{"line":92,"column":12},"end":{"line":92,"column":41}},"72":{"start":{"line":93,"column":12},"end":{"line":93,"column":68}},"73":{"start":{"line":98,"column":8},"end":{"line":98,"column":43}},"74":{"start":{"line":99,"column":8},"end":{"line":103,"column":23}},"75":{"start":{"line":100,"column":12},"end":{"line":100,"column":42}},"76":{"start":{"line":101,"column":12},"end":{"line":101,"column":66}},"77":{"start":{"line":106,"column":8},"end":{"line":106,"column":43}},"78":{"start":{"line":107,"column":8},"end":{"line":111,"column":23}},"79":{"start":{"line":108,"column":12},"end":{"line":108,"column":44}},"80":{"start":{"line":109,"column":12},"end":{"line":109,"column":65}},"81":{"start":{"line":114,"column":8},"end":{"line":114,"column":22}},"82":{"start":{"line":118,"column":8},"end":{"line":122,"column":11}},"83":{"start":{"line":119,"column":12},"end":{"line":121,"column":13}},"84":{"start":{"line":120,"column":16},"end":{"line":120,"column":107}},"85":{"start":{"line":125,"column":0},"end":{"line":129,"column":18}},"86":{"start":{"line":130,"column":0},"end":{"line":130,"column":38}}},"fnMap":{"0":{"name":"(anonymous_0)","decl":{"start":{"line":2,"column":46},"end":{"line":2,"column":47}},"loc":{"start":{"line":2,"column":87},"end":{"line":7,"column":1}},"line":2},"1":{"name":"(anonymous_1)","decl":{"start":{"line":8,"column":46},"end":{"line":8,"column":47}},"loc":{"start":{"line":8,"column":62},"end":{"line":10,"column":1}},"line":8},"2":{"name":"(anonymous_2)","decl":{"start":{"line":11,"column":40},"end":{"line":11,"column":41}},"loc":{"start":{"line":11,"column":73},"end":{"line":13,"column":1}},"line":11},"3":{"name":"(anonymous_3)","decl":{"start":{"line":12,"column":11},"end":{"line":12,"column":12}},"loc":{"start":{"line":12,"column":34},"end":{"line":12,"column":73}},"line":12},"4":{"name":"(anonymous_4)","decl":{"start":{"line":14,"column":44},"end":{"line":14,"column":45}},"loc":{"start":{"line":14,"column":89},"end":{"line":22,"column":1}},"line":14},"5":{"name":"adopt","decl":{"start":{"line":15,"column":13},"end":{"line":15,"column":18}},"loc":{"start":{"line":15,"column":26},"end":{"line":15,"column":112}},"line":15},"6":{"name":"(anonymous_6)","decl":{"start":{"line":15,"column":70},"end":{"line":15,"column":71}},"loc":{"start":{"line":15,"column":89},"end":{"line":15,"column":108}},"line":15},"7":{"name":"(anonymous_7)","decl":{"start":{"line":16,"column":36},"end":{"line":16,"column":37}},"loc":{"start":{"line":16,"column":63},"end":{"line":21,"column":5}},"line":16},"8":{"name":"fulfilled","decl":{"start":{"line":17,"column":17},"end":{"line":17,"column":26}},"loc":{"start":{"line":17,"column":34},"end":{"line":17,"column":99}},"line":17},"9":{"name":"rejected","decl":{"start":{"line":18,"column":17},"end":{"line":18,"column":25}},"loc":{"start":{"line":18,"column":33},"end":{"line":18,"column":102}},"line":18},"10":{"name":"step","decl":{"start":{"line":19,"column":17},"end":{"line":19,"column":21}},"loc":{"start":{"line":19,"column":30},"end":{"line":19,"column":118}},"line":19},"11":{"name":"(anonymous_11)","decl":{"start":{"line":23,"column":38},"end":{"line":23,"column":39}},"loc":{"start":{"line":23,"column":54},"end":{"line":33,"column":1}},"line":23},"12":{"name":"(anonymous_12)","decl":{"start":{"line":40,"column":4},"end":{"line":40,"column":5}},"loc":{"start":{"line":40,"column":22},"end":{"line":66,"column":5}},"line":40},"13":{"name":"(anonymous_13)","decl":{"start":{"line":51,"column":34},"end":{"line":51,"column":35}},"loc":{"start":{"line":51,"column":43},"end":{"line":61,"column":22}},"line":51},"14":{"name":"(anonymous_14)","decl":{"start":{"line":51,"column":75},"end":{"line":51,"column":76}},"loc":{"start":{"line":51,"column":88},"end":{"line":61,"column":21}},"line":51},"15":{"name":"(anonymous_15)","decl":{"start":{"line":67,"column":4},"end":{"line":67,"column":5}},"loc":{"start":{"line":67,"column":35},"end":{"line":72,"column":5}},"line":67},"16":{"name":"(anonymous_16)","decl":{"start":{"line":73,"column":4},"end":{"line":73,"column":5}},"loc":{"start":{"line":73,"column":26},"end":{"line":80,"column":5}},"line":73},"17":{"name":"(anonymous_17)","decl":{"start":{"line":81,"column":4},"end":{"line":81,"column":5}},"loc":{"start":{"line":81,"column":35},"end":{"line":88,"column":5}},"line":81},"18":{"name":"(anonymous_18)","decl":{"start":{"line":89,"column":4},"end":{"line":89,"column":5}},"loc":{"start":{"line":89,"column":27},"end":{"line":96,"column":5}},"line":89},"19":{"name":"(anonymous_19)","decl":{"start":{"line":97,"column":4},"end":{"line":97,"column":5}},"loc":{"start":{"line":97,"column":28},"end":{"line":104,"column":5}},"line":97},"20":{"name":"(anonymous_20)","decl":{"start":{"line":105,"column":4},"end":{"line":105,"column":5}},"loc":{"start":{"line":105,"column":30},"end":{"line":112,"column":5}},"line":105},"21":{"name":"(anonymous_21)","decl":{"start":{"line":113,"column":4},"end":{"line":113,"column":5}},"loc":{"start":{"line":113,"column":15},"end":{"line":115,"column":5}},"line":113},"22":{"name":"(anonymous_22)","decl":{"start":{"line":116,"column":4},"end":{"line":116,"column":5}},"loc":{"start":{"line":116,"column":34},"end":{"line":123,"column":5}},"line":116},"23":{"name":"(anonymous_23)","decl":{"start":{"line":118,"column":47},"end":{"line":118,"column":48}},"loc":{"start":{"line":118,"column":60},"end":{"line":122,"column":9}},"line":118}},"branchMap":{"0":{"loc":{"start":{"line":2,"column":17},"end":{"line":7,"column":1}},"type":"binary-expr","locations":[{"start":{"line":2,"column":18},"end":{"line":2,"column":22}},{"start":{"line":2,"column":26},"end":{"line":2,"column":41}},{"start":{"line":2,"column":46},"end":{"line":7,"column":1}}],"line":2},"1":{"loc":{"start":{"line":3,"column":34},"end":{"line":3,"column":125}},"type":"cond-expr","locations":[{"start":{"line":3,"column":42},"end":{"line":3,"column":48}},{"start":{"line":3,"column":51},"end":{"line":3,"column":125}}],"line":3},"2":{"loc":{"start":{"line":3,"column":51},"end":{"line":3,"column":125}},"type":"cond-expr","locations":[{"start":{"line":3,"column":67},"end":{"line":3,"column":118}},{"start":{"line":3,"column":121},"end":{"line":3,"column":125}}],"line":3},"3":{"loc":{"start":{"line":4,"column":4},"end":{"line":5,"column":150}},"type":"if","locations":[{"start":{"line":4,"column":4},"end":{"line":5,"column":150}},{"start":{"line":4,"column":4},"end":{"line":5,"column":150}}],"line":4},"4":{"loc":{"start":{"line":4,"column":8},"end":{"line":4,"column":77}},"type":"binary-expr","locations":[{"start":{"line":4,"column":8},"end":{"line":4,"column":35}},{"start":{"line":4,"column":39},"end":{"line":4,"column":77}}],"line":4},"5":{"loc":{"start":{"line":5,"column":58},"end":{"line":5,"column":150}},"type":"if","locations":[{"start":{"line":5,"column":58},"end":{"line":5,"column":150}},{"start":{"line":5,"column":58},"end":{"line":5,"column":150}}],"line":5},"6":{"loc":{"start":{"line":5,"column":85},"end":{"line":5,"column":149}},"type":"binary-expr","locations":[{"start":{"line":5,"column":86},"end":{"line":5,"column":143}},{"start":{"line":5,"column":148},"end":{"line":5,"column":149}}],"line":5},"7":{"loc":{"start":{"line":5,"column":86},"end":{"line":5,"column":143}},"type":"cond-expr","locations":[{"start":{"line":5,"column":94},"end":{"line":5,"column":98}},{"start":{"line":5,"column":101},"end":{"line":5,"column":143}}],"line":5},"8":{"loc":{"start":{"line":5,"column":101},"end":{"line":5,"column":143}},"type":"cond-expr","locations":[{"start":{"line":5,"column":109},"end":{"line":5,"column":126}},{"start":{"line":5,"column":129},"end":{"line":5,"column":143}}],"line":5},"9":{"loc":{"start":{"line":6,"column":11},"end":{"line":6,"column":62}},"type":"binary-expr","locations":[{"start":{"line":6,"column":11},"end":{"line":6,"column":16}},{"start":{"line":6,"column":20},"end":{"line":6,"column":21}},{"start":{"line":6,"column":25},"end":{"line":6,"column":62}}],"line":6},"10":{"loc":{"start":{"line":8,"column":17},"end":{"line":10,"column":1}},"type":"binary-expr","locations":[{"start":{"line":8,"column":18},"end":{"line":8,"column":22}},{"start":{"line":8,"column":26},"end":{"line":8,"column":41}},{"start":{"line":8,"column":46},"end":{"line":10,"column":1}}],"line":8},"11":{"loc":{"start":{"line":9,"column":4},"end":{"line":9,"column":109}},"type":"if","locations":[{"start":{"line":9,"column":4},"end":{"line":9,"column":109}},{"start":{"line":9,"column":4},"end":{"line":9,"column":109}}],"line":9},"12":{"loc":{"start":{"line":9,"column":8},"end":{"line":9,"column":77}},"type":"binary-expr","locations":[{"start":{"line":9,"column":8},"end":{"line":9,"column":35}},{"start":{"line":9,"column":39},"end":{"line":9,"column":77}}],"line":9},"13":{"loc":{"start":{"line":11,"column":14},"end":{"line":13,"column":1}},"type":"binary-expr","locations":[{"start":{"line":11,"column":15},"end":{"line":11,"column":19}},{"start":{"line":11,"column":23},"end":{"line":11,"column":35}},{"start":{"line":11,"column":40},"end":{"line":13,"column":1}}],"line":11},"14":{"loc":{"start":{"line":14,"column":16},"end":{"line":22,"column":1}},"type":"binary-expr","locations":[{"start":{"line":14,"column":17},"end":{"line":14,"column":21}},{"start":{"line":14,"column":25},"end":{"line":14,"column":39}},{"start":{"line":14,"column":44},"end":{"line":22,"column":1}}],"line":14},"15":{"loc":{"start":{"line":15,"column":35},"end":{"line":15,"column":109}},"type":"cond-expr","locations":[{"start":{"line":15,"column":56},"end":{"line":15,"column":61}},{"start":{"line":15,"column":64},"end":{"line":15,"column":109}}],"line":15},"16":{"loc":{"start":{"line":16,"column":16},"end":{"line":16,"column":34}},"type":"binary-expr","locations":[{"start":{"line":16,"column":16},"end":{"line":16,"column":17}},{"start":{"line":16,"column":22},"end":{"line":16,"column":33}}],"line":16},"17":{"loc":{"start":{"line":19,"column":32},"end":{"line":19,"column":115}},"type":"cond-expr","locations":[{"start":{"line":19,"column":46},"end":{"line":19,"column":67}},{"start":{"line":19,"column":70},"end":{"line":19,"column":115}}],"line":19},"18":{"loc":{"start":{"line":20,"column":51},"end":{"line":20,"column":67}},"type":"binary-expr","locations":[{"start":{"line":20,"column":51},"end":{"line":20,"column":61}},{"start":{"line":20,"column":65},"end":{"line":20,"column":67}}],"line":20},"19":{"loc":{"start":{"line":23,"column":13},"end":{"line":33,"column":1}},"type":"binary-expr","locations":[{"start":{"line":23,"column":14},"end":{"line":23,"column":18}},{"start":{"line":23,"column":22},"end":{"line":23,"column":33}},{"start":{"line":23,"column":38},"end":{"line":33,"column":1}}],"line":23},"20":{"loc":{"start":{"line":25,"column":21},"end":{"line":26,"column":20}},"type":"if","locations":[{"start":{"line":25,"column":21},"end":{"line":26,"column":20}},{"start":{"line":25,"column":21},"end":{"line":26,"column":20}}],"line":25},"21":{"loc":{"start":{"line":25,"column":25},"end":{"line":25,"column":87}},"type":"binary-expr","locations":[{"start":{"line":25,"column":25},"end":{"line":25,"column":67}},{"start":{"line":25,"column":71},"end":{"line":25,"column":87}}],"line":25},"22":{"loc":{"start":{"line":27,"column":4},"end":{"line":31,"column":9}},"type":"if","locations":[{"start":{"line":27,"column":4},"end":{"line":31,"column":9}},{"start":{"line":27,"column":4},"end":{"line":31,"column":9}}],"line":27},"23":{"loc":{"start":{"line":27,"column":8},"end":{"line":27,"column":71}},"type":"binary-expr","locations":[{"start":{"line":27,"column":8},"end":{"line":27,"column":17}},{"start":{"line":27,"column":21},"end":{"line":27,"column":71}}],"line":27},"24":{"loc":{"start":{"line":29,"column":12},"end":{"line":30,"column":34}},"type":"if","locations":[{"start":{"line":29,"column":12},"end":{"line":30,"column":34}},{"start":{"line":29,"column":12},"end":{"line":30,"column":34}}],"line":29},"25":{"loc":{"start":{"line":29,"column":16},"end":{"line":29,"column":90}},"type":"binary-expr","locations":[{"start":{"line":29,"column":16},"end":{"line":29,"column":35}},{"start":{"line":29,"column":39},"end":{"line":29,"column":90}}],"line":29},"26":{"loc":{"start":{"line":44,"column":8},"end":{"line":47,"column":9}},"type":"if","locations":[{"start":{"line":44,"column":8},"end":{"line":47,"column":9}},{"start":{"line":44,"column":8},"end":{"line":47,"column":9}}],"line":44},"27":{"loc":{"start":{"line":44,"column":14},"end":{"line":44,"column":30}},"type":"binary-expr","locations":[{"start":{"line":44,"column":14},"end":{"line":44,"column":18}},{"start":{"line":44,"column":22},"end":{"line":44,"column":30}}],"line":44},"28":{"loc":{"start":{"line":48,"column":23},"end":{"line":48,"column":40}},"type":"default-arg","locations":[{"start":{"line":48,"column":38},"end":{"line":48,"column":40}}],"line":48},"29":{"loc":{"start":{"line":54,"column":24},"end":{"line":60,"column":25}},"type":"if","locations":[{"start":{"line":54,"column":24},"end":{"line":60,"column":25}},{"start":{"line":54,"column":24},"end":{"line":60,"column":25}}],"line":54},"30":{"loc":{"start":{"line":68,"column":8},"end":{"line":70,"column":9}},"type":"if","locations":[{"start":{"line":68,"column":8},"end":{"line":70,"column":9}},{"start":{"line":68,"column":8},"end":{"line":70,"column":9}}],"line":68},"31":{"loc":{"start":{"line":119,"column":12},"end":{"line":121,"column":13}},"type":"if","locations":[{"start":{"line":119,"column":12},"end":{"line":121,"column":13}},{"start":{"line":119,"column":12},"end":{"line":121,"column":13}}],"line":119},"32":{"loc":{"start":{"line":119,"column":17},"end":{"line":119,"column":134}},"type":"cond-expr","locations":[{"start":{"line":119,"column":115},"end":{"line":119,"column":121}},{"start":{"line":119,"column":124},"end":{"line":119,"column":134}}],"line":119},"33":{"loc":{"start":{"line":119,"column":17},"end":{"line":119,"column":112}},"type":"binary-expr","locations":[{"start":{"line":119,"column":17},"end":{"line":119,"column":95}},{"start":{"line":119,"column":99},"end":{"line":119,"column":112}}],"line":119},"34":{"loc":{"start":{"line":119,"column":23},"end":{"line":119,"column":85}},"type":"cond-expr","locations":[{"start":{"line":119,"column":68},"end":{"line":119,"column":74}},{"start":{"line":119,"column":77},"end":{"line":119,"column":85}}],"line":119},"35":{"loc":{"start":{"line":119,"column":23},"end":{"line":119,"column":65}},"type":"binary-expr","locations":[{"start":{"line":119,"column":23},"end":{"line":119,"column":48}},{"start":{"line":119,"column":52},"end":{"line":119,"column":65}}],"line":119},"36":{"loc":{"start":{"line":120,"column":35},"end":{"line":120,"column":105}},"type":"cond-expr","locations":[{"start":{"line":120,"column":80},"end":{"line":120,"column":86}},{"start":{"line":120,"column":89},"end":{"line":120,"column":105}}],"line":120},"37":{"loc":{"start":{"line":120,"column":35},"end":{"line":120,"column":77}},"type":"binary-expr","locations":[{"start":{"line":120,"column":35},"end":{"line":120,"column":60}},{"start":{"line":120,"column":64},"end":{"line":120,"column":77}}],"line":120}},"s":{"0":3,"1":3,"2":3,"3":3,"4":3,"5":0,"6":0,"7":0,"8":0,"9":3,"10":3,"11":3,"12":3,"13":3,"14":3,"15":3,"16":3,"17":1,"18":0,"19":4,"20":1,"21":1,"22":0,"23":0,"24":0,"25":0,"26":5,"27":4,"28":3,"29":20,"30":20,"31":81,"32":61,"33":20,"34":20,"35":20,"36":20,"37":0,"38":0,"39":20,"40":3,"41":3,"42":3,"43":3,"44":3,"45":24,"46":24,"47":24,"48":24,"49":4,"50":20,"51":20,"52":20,"53":0,"54":0,"55":0,"56":0,"57":0,"58":0,"59":0,"60":0,"61":2,"62":2,"63":2,"64":2,"65":1,"66":1,"67":1,"68":1,"69":1,"70":1,"71":1,"72":1,"73":1,"74":1,"75":1,"76":1,"77":1,"78":1,"79":1,"80":1,"81":0,"82":4,"83":4,"84":1,"85":3,"86":3},"f":{"0":3,"1":3,"2":3,"3":3,"4":4,"5":1,"6":0,"7":4,"8":1,"9":0,"10":5,"11":20,"12":24,"13":0,"14":0,"15":0,"16":2,"17":1,"18":1,"19":1,"20":1,"21":0,"22":4,"23":4},"b":{"0":[3,3,3],"1":[3,0],"2":[0,0],"3":[3,0],"4":[3,3],"5":[0,0],"6":[0,0],"7":[0,0],"8":[0,0],"9":[3,0,0],"10":[3,3,3],"11":[3,0],"12":[3,3],"13":[3,3,3],"14":[3,3,3],"15":[1,0],"16":[4,4],"17":[4,1],"18":[4,4],"19":[3,3,3],"20":[61,20],"21":[81,81],"22":[20,0],"23":[20,20],"24":[0,0],"25":[0,0],"26":[4,20],"27":[24,20],"28":[20],"29":[0,0],"30":[0,0],"31":[1,3],"32":[3,1],"33":[4,4],"34":[2,2],"35":[4,4],"36":[0,1],"37":[1,1]},"inputSourceMap":null,"_coverageSchema":"1a1c01bbd47fc00a2c39e90264f33305004495a9","hash":"1295fb3826eca3bd2048d68482a0c7cacecf6464"}
}
