{"/Users/dhardy/Projects/npm/2021/nestjs-sentry/lib/sentry-core.module.ts": {"path":"/Users/dhardy/Projects/npm/2021/nestjs-sentry/lib/sentry-core.module.ts","statementMap":{"0":{"start":{"line":1,"column":0},"end":{"line":1,"column":null}},"1":{"start":{"line":13,"column":0},"end":{"line":13,"column":null}},"2":{"start":{"line":17,"column":0},"end":{"line":17,"column":49}},"3":{"start":{"line":18,"column":0},"end":{"line":18,"column":59}},"4":{"start":{"line":22,"column":29},"end":{"line":91,"column":null}},"5":{"start":{"line":25,"column":25},"end":{"line":25,"column":55}},"6":{"start":{"line":27,"column":8},"end":{"line":31,"column":10}},"7":{"start":{"line":37,"column":35},"end":{"line":41,"column":10}},"8":{"start":{"line":40,"column":58},"end":{"line":40,"column":84}},"9":{"start":{"line":43,"column":8},"end":{"line":52,"column":10}},"10":{"start":{"line":58,"column":8},"end":{"line":60,"column":null}},"11":{"start":{"line":59,"column":10},"end":{"line":59,"column":60}},"12":{"start":{"line":61,"column":25},"end":{"line":61,"column":71}},"13":{"start":{"line":62,"column":8},"end":{"line":68,"column":10}},"14":{"start":{"line":74,"column":8},"end":{"line":80,"column":null}},"15":{"start":{"line":75,"column":10},"end":{"line":79,"column":12}},"16":{"start":{"line":81,"column":23},"end":{"line":83,"column":10}},"17":{"start":{"line":84,"column":8},"end":{"line":89,"column":10}},"18":{"start":{"line":86,"column":69},"end":{"line":87,"column":null}},"19":{"start":{"line":87,"column":12},"end":{"line":87,"column":null}},"20":{"start":{"line":22,"column":13},"end":{"line":91,"column":null}},"21":{"start":{"line":22,"column":13},"end":{"line":22,"column":29}}},"fnMap":{"0":{"name":"(anonymous_8)","decl":{"start":{"line":24,"column":11},"end":{"line":24,"column":17}},"loc":{"start":{"line":24,"column":54},"end":{"line":32,"column":5}}},"1":{"name":"(anonymous_9)","decl":{"start":{"line":34,"column":11},"end":{"line":34,"column":17}},"loc":{"start":{"line":35,"column":41},"end":{"line":53,"column":5}}},"2":{"name":"(anonymous_10)","decl":{"start":{"line":40,"column":24},"end":{"line":40,"column":25}},"loc":{"start":{"line":40,"column":58},"end":{"line":40,"column":84}}},"3":{"name":"(anonymous_11)","decl":{"start":{"line":55,"column":12},"end":{"line":55,"column":18}},"loc":{"start":{"line":56,"column":41},"end":{"line":69,"column":7}}},"4":{"name":"(anonymous_12)","decl":{"start":{"line":71,"column":14},"end":{"line":71,"column":20}},"loc":{"start":{"line":72,"column":41},"end":{"line":90,"column":7}}},"5":{"name":"(anonymous_13)","decl":{"start":{"line":86,"column":22},"end":{"line":86,"column":29}},"loc":{"start":{"line":86,"column":69},"end":{"line":87,"column":null}}},"6":{"name":"(anonymous_14)","decl":{"start":{"line":86,"column":69},"end":{"line":86,"column":null}},"loc":{"start":{"line":86,"column":69},"end":{"line":87,"column":null}}}},"branchMap":{"0":{"loc":{"start":{"line":58,"column":8},"end":{"line":60,"column":null}},"type":"if","locations":[{"start":{"line":58,"column":8},"end":{"line":60,"column":null}},{"start":{"line":58,"column":8},"end":{"line":60,"column":null}}]},"1":{"loc":{"start":{"line":58,"column":12},"end":{"line":58,"column":31}},"type":"binary-expr","locations":[{"start":{"line":58,"column":12},"end":{"line":58,"column":31}},{"start":{"line":58,"column":35},"end":{"line":58,"column":53}}]},"2":{"loc":{"start":{"line":74,"column":8},"end":{"line":80,"column":null}},"type":"if","locations":[{"start":{"line":74,"column":8},"end":{"line":80,"column":null}},{"start":{"line":74,"column":8},"end":{"line":80,"column":null}}]},"3":{"loc":{"start":{"line":76,"column":20},"end":{"line":76,"column":34}},"type":"binary-expr","locations":[{"start":{"line":76,"column":20},"end":{"line":76,"column":34}},{"start":{"line":76,"column":38},"end":{"line":76,"column":40}}]},"4":{"loc":{"start":{"line":82,"column":11},"end":{"line":82,"column":27}},"type":"binary-expr","locations":[{"start":{"line":82,"column":11},"end":{"line":82,"column":27}},{"start":{"line":82,"column":31},"end":{"line":82,"column":50}}]}},"s":{"0":3,"1":3,"2":3,"3":3,"4":3,"5":2,"6":2,"7":8,"8":8,"9":8,"10":8,"11":1,"12":7,"13":7,"14":8,"15":1,"16":7,"17":7,"18":7,"19":7,"20":3,"21":3},"f":{"0":2,"1":8,"2":8,"3":8,"4":8,"5":7,"6":7},"b":{"0":[1,7],"1":[8,8],"2":[1,7],"3":[1,1],"4":[7,0]}}
,"/Users/dhardy/Projects/npm/2021/nestjs-sentry/lib/sentry.constants.ts": {"path":"/Users/dhardy/Projects/npm/2021/nestjs-sentry/lib/sentry.constants.ts","statementMap":{"0":{"start":{"line":1,"column":13},"end":{"line":1,"column":59}},"1":{"start":{"line":2,"column":13},"end":{"line":2,"column":42}}},"fnMap":{},"branchMap":{},"s":{"0":3,"1":3},"f":{},"b":{}}
,"/Users/dhardy/Projects/npm/2021/nestjs-sentry/lib/sentry.decorator.ts": {"path":"/Users/dhardy/Projects/npm/2021/nestjs-sentry/lib/sentry.decorator.ts","statementMap":{"0":{"start":{"line":1,"column":0},"end":{"line":1,"column":40}},"1":{"start":{"line":2,"column":0},"end":{"line":2,"column":50}},"2":{"start":{"line":5,"column":4},"end":{"line":5,"column":32}},"3":{"start":{"line":4,"column":0},"end":{"line":4,"column":16}}},"fnMap":{"0":{"name":"InjectSentry","decl":{"start":{"line":4,"column":16},"end":{"line":4,"column":28}},"loc":{"start":{"line":4,"column":28},"end":{"line":6,"column":1}}}},"branchMap":{},"s":{"0":1,"1":1,"2":1,"3":1},"f":{"0":1},"b":{}}
,"/Users/dhardy/Projects/npm/2021/nestjs-sentry/lib/sentry.module.ts": {"path":"/Users/dhardy/Projects/npm/2021/nestjs-sentry/lib/sentry.module.ts","statementMap":{"0":{"start":{"line":1,"column":0},"end":{"line":1,"column":55}},"1":{"start":{"line":2,"column":0},"end":{"line":2,"column":56}},"2":{"start":{"line":6,"column":25},"end":{"line":20,"column":null}},"3":{"start":{"line":8,"column":4},"end":{"line":11,"column":6}},"4":{"start":{"line":15,"column":4},"end":{"line":18,"column":6}},"5":{"start":{"line":6,"column":13},"end":{"line":20,"column":null}},"6":{"start":{"line":6,"column":13},"end":{"line":6,"column":25}}},"fnMap":{"0":{"name":"(anonymous_1)","decl":{"start":{"line":7,"column":9},"end":{"line":7,"column":15}},"loc":{"start":{"line":7,"column":52},"end":{"line":12,"column":3}}},"1":{"name":"(anonymous_2)","decl":{"start":{"line":14,"column":9},"end":{"line":14,"column":15}},"loc":{"start":{"line":14,"column":62},"end":{"line":19,"column":3}}}},"branchMap":{},"s":{"0":3,"1":3,"2":3,"3":2,"4":8,"5":3,"6":3},"f":{"0":2,"1":8},"b":{}}
,"/Users/dhardy/Projects/npm/2021/nestjs-sentry/lib/sentry.providers.ts": {"path":"/Users/dhardy/Projects/npm/2021/nestjs-sentry/lib/sentry.providers.ts","statementMap":{"0":{"start":{"line":3,"column":0},"end":{"line":3,"column":50}},"1":{"start":{"line":4,"column":0},"end":{"line":4,"column":49}},"2":{"start":{"line":7,"column":4},"end":{"line":10,"column":null}},"3":{"start":{"line":6,"column":0},"end":{"line":6,"column":16}}},"fnMap":{"0":{"name":"createSentryProviders","decl":{"start":{"line":6,"column":16},"end":{"line":6,"column":37}},"loc":{"start":{"line":6,"column":66},"end":{"line":11,"column":1}}}},"branchMap":{},"s":{"0":3,"1":3,"2":2,"3":3},"f":{"0":2},"b":{}}
,"/Users/dhardy/Projects/npm/2021/nestjs-sentry/lib/sentry.service.ts": {"path":"/Users/dhardy/Projects/npm/2021/nestjs-sentry/lib/sentry.service.ts","statementMap":{"0":{"start":{"line":1,"column":0},"end":{"line":1,"column":70}},"1":{"start":{"line":3,"column":0},"end":{"line":3,"column":39}},"2":{"start":{"line":5,"column":0},"end":{"line":5,"column":59}},"3":{"start":{"line":9,"column":26},"end":{"line":89,"column":null}},"4":{"start":{"line":17,"column":8},"end":{"line":17,"column":16}},"5":{"start":{"line":14,"column":25},"end":{"line":14,"column":54}},"6":{"start":{"line":10,"column":4},"end":{"line":10,"column":45}},"7":{"start":{"line":18,"column":8},"end":{"line":21,"column":null}},"8":{"start":{"line":19,"column":10},"end":{"line":19,"column":78}},"9":{"start":{"line":20,"column":10},"end":{"line":20,"column":17}},"10":{"start":{"line":22,"column":63},"end":{"line":22,"column":70}},"11":{"start":{"line":22,"column":42},"end":{"line":22,"column":63}},"12":{"start":{"line":23,"column":8},"end":{"line":36,"column":11}},"13":{"start":{"line":27,"column":43},"end":{"line":31,"column":16}},"14":{"start":{"line":30,"column":16},"end":{"line":30,"column":null}},"15":{"start":{"line":30,"column":50},"end":{"line":30,"column":67}},"16":{"start":{"line":30,"column":78},"end":{"line":30,"column":172}},"17":{"start":{"line":30,"column":173},"end":{"line":30,"column":189}},"18":{"start":{"line":40,"column":4},"end":{"line":42,"column":null}},"19":{"start":{"line":41,"column":6},"end":{"line":41,"column":58}},"20":{"start":{"line":43,"column":4},"end":{"line":43,"column":41}},"21":{"start":{"line":47,"column":4},"end":{"line":47,"column":39}},"22":{"start":{"line":48,"column":4},"end":{"line":51,"column":22}},"23":{"start":{"line":49,"column":6},"end":{"line":49,"column":58}},"24":{"start":{"line":50,"column":6},"end":{"line":50,"column":34}},"25":{"start":{"line":55,"column":4},"end":{"line":55,"column":39}},"26":{"start":{"line":56,"column":4},"end":{"line":59,"column":22}},"27":{"start":{"line":57,"column":6},"end":{"line":57,"column":43}},"28":{"start":{"line":58,"column":6},"end":{"line":58,"column":60}},"29":{"start":{"line":63,"column":4},"end":{"line":63,"column":39}},"30":{"start":{"line":64,"column":4},"end":{"line":67,"column":22}},"31":{"start":{"line":65,"column":6},"end":{"line":65,"column":35}},"32":{"start":{"line":66,"column":6},"end":{"line":66,"column":62}},"33":{"start":{"line":71,"column":4},"end":{"line":71,"column":39}},"34":{"start":{"line":72,"column":4},"end":{"line":75,"column":22}},"35":{"start":{"line":73,"column":6},"end":{"line":73,"column":36}},"36":{"start":{"line":74,"column":6},"end":{"line":74,"column":60}},"37":{"start":{"line":79,"column":4},"end":{"line":79,"column":39}},"38":{"start":{"line":80,"column":4},"end":{"line":83,"column":22}},"39":{"start":{"line":81,"column":6},"end":{"line":81,"column":38}},"40":{"start":{"line":82,"column":6},"end":{"line":82,"column":59}},"41":{"start":{"line":87,"column":4},"end":{"line":87,"column":18}},"42":{"start":{"line":9,"column":13},"end":{"line":89,"column":null}},"43":{"start":{"line":9,"column":13},"end":{"line":9,"column":26}}},"fnMap":{"0":{"name":"(anonymous_12)","decl":{"start":{"line":12,"column":4},"end":{"line":12,"column":null}},"loc":{"start":{"line":15,"column":41},"end":{"line":37,"column":7}}},"1":{"name":"(anonymous_13)","decl":{"start":{"line":27,"column":29},"end":{"line":27,"column":36}},"loc":{"start":{"line":27,"column":43},"end":{"line":31,"column":16}}},"2":{"name":"(anonymous_14)","decl":{"start":{"line":27,"column":43},"end":{"line":27,"column":null}},"loc":{"start":{"line":27,"column":43},"end":{"line":31,"column":15}}},"3":{"name":"(anonymous_15)","decl":{"start":{"line":39,"column":9},"end":{"line":39,"column":15}},"loc":{"start":{"line":39,"column":37},"end":{"line":44,"column":3}}},"4":{"name":"(anonymous_16)","decl":{"start":{"line":46,"column":2},"end":{"line":46,"column":5}},"loc":{"start":{"line":46,"column":39},"end":{"line":52,"column":3}}},"5":{"name":"(anonymous_17)","decl":{"start":{"line":54,"column":2},"end":{"line":54,"column":7}},"loc":{"start":{"line":54,"column":57},"end":{"line":60,"column":3}}},"6":{"name":"(anonymous_18)","decl":{"start":{"line":62,"column":2},"end":{"line":62,"column":6}},"loc":{"start":{"line":62,"column":40},"end":{"line":68,"column":3}}},"7":{"name":"(anonymous_19)","decl":{"start":{"line":70,"column":2},"end":{"line":70,"column":7}},"loc":{"start":{"line":70,"column":41},"end":{"line":76,"column":3}}},"8":{"name":"(anonymous_20)","decl":{"start":{"line":78,"column":2},"end":{"line":78,"column":9}},"loc":{"start":{"line":78,"column":43},"end":{"line":84,"column":3}}},"9":{"name":"(anonymous_21)","decl":{"start":{"line":86,"column":2},"end":{"line":86,"column":10}},"loc":{"start":{"line":86,"column":10},"end":{"line":88,"column":3}}}},"branchMap":{"0":{"loc":{"start":{"line":18,"column":8},"end":{"line":21,"column":null}},"type":"if","locations":[{"start":{"line":18,"column":8},"end":{"line":21,"column":null}},{"start":{"line":18,"column":8},"end":{"line":21,"column":null}}]},"1":{"loc":{"start":{"line":18,"column":14},"end":{"line":18,"column":21}},"type":"binary-expr","locations":[{"start":{"line":18,"column":14},"end":{"line":18,"column":21}},{"start":{"line":18,"column":25},"end":{"line":18,"column":36}}]},"2":{"loc":{"start":{"line":22,"column":38},"end":{"line":22,"column":40}},"type":"default-arg","locations":[{"start":{"line":22,"column":38},"end":{"line":22,"column":40}}]},"3":{"loc":{"start":{"line":30,"column":16},"end":{"line":30,"column":null}},"type":"if","locations":[{"start":{"line":30,"column":16},"end":{"line":30,"column":null}},{"start":{"line":30,"column":16},"end":{"line":30,"column":null}}]},"4":{"loc":{"start":{"line":40,"column":4},"end":{"line":42,"column":null}},"type":"if","locations":[{"start":{"line":40,"column":4},"end":{"line":42,"column":null}},{"start":{"line":40,"column":4},"end":{"line":42,"column":null}}]}},"s":{"0":3,"1":3,"2":3,"3":3,"4":20,"5":20,"6":20,"7":20,"8":2,"9":2,"10":18,"11":18,"12":18,"13":0,"14":0,"15":0,"16":0,"17":0,"18":0,"19":0,"20":0,"21":2,"22":2,"23":2,"24":2,"25":1,"26":1,"27":1,"28":1,"29":1,"30":1,"31":1,"32":1,"33":1,"34":1,"35":1,"36":1,"37":1,"38":1,"39":1,"40":1,"41":0,"42":3,"43":3},"f":{"0":20,"1":0,"2":0,"3":0,"4":2,"5":1,"6":1,"7":1,"8":1,"9":0},"b":{"0":[2,18],"1":[20,18],"2":[18],"3":[0,0],"4":[0,0]}}
}
