TN:
SF:lib/injectDecoratoryFactory.ts
FN:12,(anonymous_0)
FN:12,(anonymous_1)
FNF:2
FNH:2
FNDA:2,(anonymous_0)
FNDA:1,(anonymous_1)
DA:2,1
DA:3,1
DA:12,2
LF:3
LH:3
BRF:0
BRH:0
end_of_record
TN:
SF:lib/sentry-core.module.ts
FN:2,(anonymous_0)
FN:8,(anonymous_1)
FN:9,adopt
FN:9,(anonymous_3)
FN:10,(anonymous_4)
FN:11,fulfilled
FN:12,rejected
FN:13,step
FN:24,(anonymous_8)
FN:32,(anonymous_9)
FN:36,(anonymous_10)
FN:49,(anonymous_11)
FN:62,(anonymous_12)
FN:75,(anonymous_13)
FN:75,(anonymous_14)
FNF:15
FNH:14
FNDA:3,(anonymous_0)
FNDA:7,(anonymous_1)
FNDA:7,adopt
FNDA:7,(anonymous_3)
FNDA:7,(anonymous_4)
FNDA:7,fulfilled
FNDA:0,rejected
FNDA:14,step
FNDA:4,(anonymous_8)
FNDA:8,(anonymous_9)
FNDA:8,(anonymous_10)
FNDA:8,(anonymous_11)
FNDA:8,(anonymous_12)
FNDA:7,(anonymous_13)
FNDA:7,(anonymous_14)
DA:2,3
DA:3,3
DA:4,3
DA:5,0
DA:6,3
DA:8,3
DA:9,7
DA:10,7
DA:11,7
DA:12,0
DA:13,14
DA:14,7
DA:18,3
DA:19,3
DA:20,3
DA:21,3
DA:22,3
DA:23,3
DA:25,4
DA:26,4
DA:33,8
DA:36,8
DA:38,8
DA:50,8
DA:51,1
DA:53,7
DA:54,7
DA:63,8
DA:64,1
DA:70,7
DA:73,7
DA:75,7
DA:80,3
DA:84,3
LF:34
LH:32
BRDA:2,0,0,3
BRDA:2,0,1,3
BRDA:2,0,2,3
BRDA:3,1,0,3
BRDA:3,1,1,0
BRDA:3,2,0,0
BRDA:3,2,1,0
BRDA:4,3,0,3
BRDA:4,3,1,0
BRDA:4,4,0,3
BRDA:4,4,1,3
BRDA:5,5,0,0
BRDA:5,5,1,0
BRDA:5,6,0,0
BRDA:5,6,1,0
BRDA:5,7,0,0
BRDA:5,7,1,0
BRDA:5,8,0,0
BRDA:5,8,1,0
BRDA:6,9,0,3
BRDA:6,9,1,0
BRDA:6,9,2,0
BRDA:8,10,0,3
BRDA:8,10,1,3
BRDA:8,10,2,3
BRDA:9,11,0,0
BRDA:9,11,1,7
BRDA:10,12,0,7
BRDA:10,12,1,7
BRDA:13,13,0,7
BRDA:13,13,1,7
BRDA:14,14,0,7
BRDA:14,14,1,7
BRDA:50,15,0,1
BRDA:50,15,1,7
BRDA:50,16,0,8
BRDA:50,16,1,8
BRDA:63,17,0,1
BRDA:63,17,1,7
BRDA:65,18,0,1
BRDA:65,18,1,1
BRDA:71,19,0,7
BRDA:71,19,1,0
BRF:43
BRH:27
end_of_record
TN:
SF:lib/sentry.constants.ts
FNF:0
FNH:0
DA:2,3
DA:3,3
DA:4,3
LF:3
LH:3
BRF:0
BRH:0
end_of_record
TN:
SF:lib/sentry.decorator.ts
FNF:0
FNH:0
DA:2,1
DA:3,1
DA:4,1
DA:5,1
DA:9,1
LF:5
LH:5
BRF:0
BRH:0
end_of_record
TN:
SF:lib/sentry.module.ts
FN:2,(anonymous_0)
FN:13,(anonymous_1)
FN:19,(anonymous_2)
FNF:3
FNH:3
FNDA:3,(anonymous_0)
FNDA:4,(anonymous_1)
FNDA:8,(anonymous_2)
DA:2,3
DA:3,3
DA:4,3
DA:5,0
DA:6,3
DA:9,3
DA:10,3
DA:11,3
DA:12,3
DA:14,4
DA:20,8
DA:26,3
DA:29,3
LF:13
LH:12
BRDA:2,0,0,3
BRDA:2,0,1,3
BRDA:2,0,2,3
BRDA:3,1,0,3
BRDA:3,1,1,0
BRDA:3,2,0,0
BRDA:3,2,1,0
BRDA:4,3,0,3
BRDA:4,3,1,0
BRDA:4,4,0,3
BRDA:4,4,1,3
BRDA:5,5,0,0
BRDA:5,5,1,0
BRDA:5,6,0,0
BRDA:5,6,1,0
BRDA:5,7,0,0
BRDA:5,7,1,0
BRDA:5,8,0,0
BRDA:5,8,1,0
BRDA:6,9,0,3
BRDA:6,9,1,0
BRDA:6,9,2,0
BRF:22
BRH:8
end_of_record
TN:
SF:lib/sentry.providers.ts
FN:5,createSentryProviders
FNF:1
FNH:1
FNDA:4,createSentryProviders
DA:2,3
DA:3,3
DA:4,3
DA:6,4
DA:11,3
LF:5
LH:5
BRF:0
BRH:0
end_of_record
TN:
SF:lib/sentry.service.ts
FN:2,(anonymous_0)
FN:8,(anonymous_1)
FN:11,(anonymous_2)
FN:12,(anonymous_3)
FN:14,(anonymous_4)
FN:15,adopt
FN:15,(anonymous_6)
FN:16,(anonymous_7)
FN:17,fulfilled
FN:18,rejected
FN:19,step
FN:23,(anonymous_11)
FN:40,(anonymous_12)
FN:51,(anonymous_13)
FN:51,(anonymous_14)
FN:67,(anonymous_15)
FN:73,(anonymous_16)
FN:81,(anonymous_17)
FN:89,(anonymous_18)
FN:97,(anonymous_19)
FN:105,(anonymous_20)
FN:113,(anonymous_21)
FN:116,(anonymous_22)
FN:118,(anonymous_23)
FNF:24
FNH:18
FNDA:3,(anonymous_0)
FNDA:3,(anonymous_1)
FNDA:3,(anonymous_2)
FNDA:3,(anonymous_3)
FNDA:4,(anonymous_4)
FNDA:1,adopt
FNDA:0,(anonymous_6)
FNDA:4,(anonymous_7)
FNDA:1,fulfilled
FNDA:0,rejected
FNDA:5,step
FNDA:20,(anonymous_11)
FNDA:24,(anonymous_12)
FNDA:0,(anonymous_13)
FNDA:0,(anonymous_14)
FNDA:0,(anonymous_15)
FNDA:2,(anonymous_16)
FNDA:1,(anonymous_17)
FNDA:1,(anonymous_18)
FNDA:1,(anonymous_19)
FNDA:1,(anonymous_20)
FNDA:0,(anonymous_21)
FNDA:4,(anonymous_22)
FNDA:4,(anonymous_23)
DA:2,3
DA:3,3
DA:4,3
DA:5,0
DA:6,3
DA:8,3
DA:9,3
DA:11,3
DA:12,3
DA:14,3
DA:15,1
DA:16,4
DA:17,1
DA:18,0
DA:19,5
DA:20,4
DA:23,3
DA:24,20
DA:25,81
DA:26,61
DA:27,20
DA:28,20
DA:29,0
DA:30,0
DA:32,20
DA:35,3
DA:36,3
DA:37,3
DA:38,3
DA:39,3
DA:41,24
DA:42,24
DA:43,24
DA:44,24
DA:46,4
DA:48,20
DA:49,20
DA:51,0
DA:54,0
DA:55,0
DA:58,0
DA:59,0
DA:68,0
DA:69,0
DA:71,0
DA:74,2
DA:75,2
DA:76,2
DA:77,2
DA:82,1
DA:83,1
DA:84,1
DA:85,1
DA:90,1
DA:91,1
DA:92,1
DA:93,1
DA:98,1
DA:99,1
DA:100,1
DA:101,1
DA:106,1
DA:107,1
DA:108,1
DA:109,1
DA:114,0
DA:118,4
DA:119,4
DA:120,1
DA:125,3
DA:130,3
LF:71
LH:58
BRDA:2,0,0,3
BRDA:2,0,1,3
BRDA:2,0,2,3
BRDA:3,1,0,3
BRDA:3,1,1,0
BRDA:3,2,0,0
BRDA:3,2,1,0
BRDA:4,3,0,3
BRDA:4,3,1,0
BRDA:4,4,0,3
BRDA:4,4,1,3
BRDA:5,5,0,0
BRDA:5,5,1,0
BRDA:5,6,0,0
BRDA:5,6,1,0
BRDA:5,7,0,0
BRDA:5,7,1,0
BRDA:5,8,0,0
BRDA:5,8,1,0
BRDA:6,9,0,3
BRDA:6,9,1,0
BRDA:6,9,2,0
BRDA:8,10,0,3
BRDA:8,10,1,3
BRDA:8,10,2,3
BRDA:9,11,0,3
BRDA:9,11,1,0
BRDA:9,12,0,3
BRDA:9,12,1,3
BRDA:11,13,0,3
BRDA:11,13,1,3
BRDA:11,13,2,3
BRDA:14,14,0,3
BRDA:14,14,1,3
BRDA:14,14,2,3
BRDA:15,15,0,1
BRDA:15,15,1,0
BRDA:16,16,0,4
BRDA:16,16,1,4
BRDA:19,17,0,4
BRDA:19,17,1,1
BRDA:20,18,0,4
BRDA:20,18,1,4
BRDA:23,19,0,3
BRDA:23,19,1,3
BRDA:23,19,2,3
BRDA:25,20,0,61
BRDA:25,20,1,20
BRDA:25,21,0,81
BRDA:25,21,1,81
BRDA:27,22,0,20
BRDA:27,22,1,0
BRDA:27,23,0,20
BRDA:27,23,1,20
BRDA:29,24,0,0
BRDA:29,24,1,0
BRDA:29,25,0,0
BRDA:29,25,1,0
BRDA:44,26,0,4
BRDA:44,26,1,20
BRDA:44,27,0,24
BRDA:44,27,1,20
BRDA:48,28,0,20
BRDA:54,29,0,0
BRDA:54,29,1,0
BRDA:68,30,0,0
BRDA:68,30,1,0
BRDA:119,31,0,1
BRDA:119,31,1,3
BRDA:119,32,0,3
BRDA:119,32,1,1
BRDA:119,33,0,4
BRDA:119,33,1,4
BRDA:119,34,0,2
BRDA:119,34,1,2
BRDA:119,35,0,4
BRDA:119,35,1,4
BRDA:120,36,0,0
BRDA:120,36,1,1
BRDA:120,37,0,1
BRDA:120,37,1,1
BRF:81
BRH:55
end_of_record
