TN:
SF:lib/injectDecoratoryFactory.ts
FN:13,(anonymous_0)
FN:13,(anonymous_1)
FNF:2
FNH:2
FNDA:2,(anonymous_0)
FNDA:1,(anonymous_1)
DA:2,1
DA:3,1
DA:4,1
DA:13,2
DA:14,1
LF:5
LH:5
BRF:0
BRH:0
end_of_record
TN:
SF:lib/sentry-core.module.ts
FN:2,(anonymous_0)
FN:8,(anonymous_1)
FN:9,adopt
FN:9,(anonymous_3)
FN:10,(anonymous_4)
FN:11,fulfilled
FN:12,rejected
FN:13,step
FN:25,(anonymous_8)
FN:33,(anonymous_9)
FN:37,(anonymous_10)
FN:50,(anonymous_11)
FN:63,(anonymous_12)
FN:76,(anonymous_13)
FN:76,(anonymous_14)
FNF:15
FNH:14
FNDA:3,(anonymous_0)
FNDA:3,(anonymous_1)
FNDA:3,adopt
FNDA:3,(anonymous_3)
FNDA:3,(anonymous_4)
FNDA:3,fulfilled
FNDA:0,rejected
FNDA:6,step
FNDA:15,(anonymous_8)
FNDA:4,(anonymous_9)
FNDA:4,(anonymous_10)
FNDA:4,(anonymous_11)
FNDA:4,(anonymous_12)
FNDA:3,(anonymous_13)
FNDA:3,(anonymous_14)
DA:2,3
DA:3,3
DA:4,3
DA:5,0
DA:6,3
DA:8,3
DA:9,3
DA:10,3
DA:11,3
DA:12,0
DA:13,6
DA:14,3
DA:18,3
DA:19,3
DA:20,3
DA:21,3
DA:22,3
DA:23,3
DA:24,3
DA:26,15
DA:27,15
DA:34,4
DA:37,4
DA:39,4
DA:51,4
DA:52,2
DA:54,2
DA:55,2
DA:64,4
DA:65,1
DA:71,3
DA:74,3
DA:76,3
DA:81,3
DA:85,3
LF:35
LH:33
BRDA:2,0,0,3
BRDA:2,0,1,3
BRDA:2,0,2,3
BRDA:3,1,0,3
BRDA:3,1,1,0
BRDA:3,2,0,0
BRDA:3,2,1,0
BRDA:4,3,0,3
BRDA:4,3,1,0
BRDA:4,4,0,3
BRDA:4,4,1,3
BRDA:5,5,0,0
BRDA:5,5,1,0
BRDA:5,6,0,0
BRDA:5,6,1,0
BRDA:5,7,0,0
BRDA:5,7,1,0
BRDA:5,8,0,0
BRDA:5,8,1,0
BRDA:6,9,0,3
BRDA:6,9,1,0
BRDA:6,9,2,0
BRDA:8,10,0,3
BRDA:8,10,1,3
BRDA:8,10,2,3
BRDA:9,11,0,0
BRDA:9,11,1,3
BRDA:10,12,0,3
BRDA:10,12,1,3
BRDA:13,13,0,3
BRDA:13,13,1,3
BRDA:14,14,0,3
BRDA:14,14,1,3
BRDA:51,15,0,2
BRDA:51,15,1,2
BRDA:51,16,0,4
BRDA:51,16,1,3
BRDA:64,17,0,1
BRDA:64,17,1,3
BRDA:66,18,0,1
BRDA:66,18,1,1
BRDA:72,19,0,3
BRDA:72,19,1,1
BRF:43
BRH:28
end_of_record
TN:
SF:lib/sentry.constants.ts
FNF:0
FNH:0
DA:2,3
DA:3,3
DA:4,3
DA:5,3
LF:4
LH:4
BRF:0
BRH:0
end_of_record
TN:
SF:lib/sentry.decorator.ts
FNF:0
FNH:0
DA:2,1
DA:3,1
DA:4,1
DA:5,1
DA:6,1
DA:10,1
LF:6
LH:6
BRF:0
BRH:0
end_of_record
TN:
SF:lib/sentry.module.ts
FN:2,(anonymous_0)
FN:14,(anonymous_1)
FN:20,(anonymous_2)
FNF:3
FNH:3
FNDA:3,(anonymous_0)
FNDA:15,(anonymous_1)
FNDA:4,(anonymous_2)
DA:2,3
DA:3,3
DA:4,3
DA:5,0
DA:6,3
DA:9,3
DA:10,3
DA:11,3
DA:12,3
DA:13,3
DA:15,15
DA:21,4
DA:27,3
DA:30,3
LF:14
LH:13
BRDA:2,0,0,3
BRDA:2,0,1,3
BRDA:2,0,2,3
BRDA:3,1,0,3
BRDA:3,1,1,0
BRDA:3,2,0,0
BRDA:3,2,1,0
BRDA:4,3,0,3
BRDA:4,3,1,0
BRDA:4,4,0,3
BRDA:4,4,1,3
BRDA:5,5,0,0
BRDA:5,5,1,0
BRDA:5,6,0,0
BRDA:5,6,1,0
BRDA:5,7,0,0
BRDA:5,7,1,0
BRDA:5,8,0,0
BRDA:5,8,1,0
BRDA:6,9,0,3
BRDA:6,9,1,0
BRDA:6,9,2,0
BRF:22
BRH:8
end_of_record
TN:
SF:lib/sentry.providers.ts
FN:6,createSentryProviders
FNF:1
FNH:1
FNDA:15,createSentryProviders
DA:2,3
DA:3,3
DA:4,3
DA:5,3
DA:7,15
DA:12,3
LF:6
LH:6
BRF:0
BRH:0
end_of_record
TN:
SF:lib/sentry.service.ts
FN:2,(anonymous_0)
FN:8,(anonymous_1)
FN:11,(anonymous_2)
FN:12,(anonymous_3)
FN:14,(anonymous_4)
FN:15,adopt
FN:15,(anonymous_6)
FN:16,(anonymous_7)
FN:17,fulfilled
FN:18,rejected
FN:19,step
FN:23,(anonymous_11)
FN:41,(anonymous_12)
FN:52,(anonymous_13)
FN:52,(anonymous_14)
FN:68,(anonymous_15)
FN:74,(anonymous_16)
FN:90,(anonymous_17)
FN:98,(anonymous_18)
FN:114,(anonymous_19)
FN:130,(anonymous_20)
FN:146,(anonymous_21)
FN:149,(anonymous_22)
FN:151,(anonymous_23)
FNF:24
FNH:18
FNDA:3,(anonymous_0)
FNDA:3,(anonymous_1)
FNDA:3,(anonymous_2)
FNDA:3,(anonymous_3)
FNDA:4,(anonymous_4)
FNDA:1,adopt
FNDA:0,(anonymous_6)
FNDA:4,(anonymous_7)
FNDA:1,fulfilled
FNDA:0,rejected
FNDA:5,step
FNDA:23,(anonymous_11)
FNDA:38,(anonymous_12)
FNDA:0,(anonymous_13)
FNDA:0,(anonymous_14)
FNDA:0,(anonymous_15)
FNDA:4,(anonymous_16)
FNDA:2,(anonymous_17)
FNDA:2,(anonymous_18)
FNDA:3,(anonymous_19)
FNDA:4,(anonymous_20)
FNDA:0,(anonymous_21)
FNDA:4,(anonymous_22)
FNDA:4,(anonymous_23)
DA:2,3
DA:3,3
DA:4,3
DA:5,0
DA:6,3
DA:8,3
DA:9,3
DA:11,3
DA:12,3
DA:14,3
DA:15,1
DA:16,4
DA:17,1
DA:18,0
DA:19,5
DA:20,4
DA:23,3
DA:24,23
DA:25,93
DA:26,70
DA:27,23
DA:28,23
DA:29,0
DA:30,0
DA:32,23
DA:35,3
DA:36,3
DA:37,3
DA:38,3
DA:39,3
DA:40,3
DA:42,38
DA:43,38
DA:44,38
DA:45,38
DA:47,15
DA:49,23
DA:50,23
DA:52,0
DA:55,0
DA:56,0
DA:59,0
DA:60,0
DA:69,0
DA:70,0
DA:72,0
DA:75,4
DA:76,4
DA:77,4
DA:78,4
DA:91,2
DA:92,2
DA:93,2
DA:94,2
DA:99,2
DA:100,2
DA:101,2
DA:102,2
DA:115,3
DA:116,3
DA:117,3
DA:118,3
DA:131,4
DA:132,4
DA:133,4
DA:134,4
DA:147,0
DA:151,4
DA:152,4
DA:153,1
DA:158,3
DA:163,3
LF:72
LH:59
BRDA:2,0,0,3
BRDA:2,0,1,3
BRDA:2,0,2,3
BRDA:3,1,0,3
BRDA:3,1,1,0
BRDA:3,2,0,0
BRDA:3,2,1,0
BRDA:4,3,0,3
BRDA:4,3,1,0
BRDA:4,4,0,3
BRDA:4,4,1,3
BRDA:5,5,0,0
BRDA:5,5,1,0
BRDA:5,6,0,0
BRDA:5,6,1,0
BRDA:5,7,0,0
BRDA:5,7,1,0
BRDA:5,8,0,0
BRDA:5,8,1,0
BRDA:6,9,0,3
BRDA:6,9,1,0
BRDA:6,9,2,0
BRDA:8,10,0,3
BRDA:8,10,1,3
BRDA:8,10,2,3
BRDA:9,11,0,3
BRDA:9,11,1,0
BRDA:9,12,0,3
BRDA:9,12,1,3
BRDA:11,13,0,3
BRDA:11,13,1,3
BRDA:11,13,2,3
BRDA:14,14,0,3
BRDA:14,14,1,3
BRDA:14,14,2,3
BRDA:15,15,0,1
BRDA:15,15,1,0
BRDA:16,16,0,4
BRDA:16,16,1,4
BRDA:19,17,0,4
BRDA:19,17,1,1
BRDA:20,18,0,4
BRDA:20,18,1,4
BRDA:23,19,0,3
BRDA:23,19,1,3
BRDA:23,19,2,3
BRDA:25,20,0,70
BRDA:25,20,1,23
BRDA:25,21,0,93
BRDA:25,21,1,93
BRDA:27,22,0,23
BRDA:27,22,1,0
BRDA:27,23,0,23
BRDA:27,23,1,23
BRDA:29,24,0,0
BRDA:29,24,1,0
BRDA:29,25,0,0
BRDA:29,25,1,0
BRDA:45,26,0,15
BRDA:45,26,1,23
BRDA:45,27,0,38
BRDA:45,27,1,23
BRDA:49,28,0,23
BRDA:55,29,0,0
BRDA:55,29,1,0
BRDA:69,30,0,0
BRDA:69,30,1,0
BRDA:78,31,0,1
BRDA:78,31,1,3
BRDA:102,32,0,0
BRDA:102,32,1,2
BRDA:118,33,0,1
BRDA:118,33,1,2
BRDA:134,34,0,2
BRDA:134,34,1,2
BRDA:152,35,0,1
BRDA:152,35,1,3
BRDA:152,36,0,3
BRDA:152,36,1,1
BRDA:152,37,0,4
BRDA:152,37,1,4
BRDA:152,38,0,2
BRDA:152,38,1,2
BRDA:152,39,0,4
BRDA:152,39,1,4
BRDA:153,40,0,0
BRDA:153,40,1,1
BRDA:153,41,0,1
BRDA:153,41,1,1
BRF:89
BRH:62
end_of_record
